2018-02-19T21:25:11+00:00 CRITICAL Uncaught Error: Call to undefined function get_info() in /var/www/html/anditrip_colombia/wp-content/themes/anditrip/header.php:72
Stack trace:
#0 /var/www/html/anditrip_colombia/wp-content/themes/anditrip/home.php(1): include()
#1 /var/www/html/anditrip_colombia/wp-includes/template-loader.php(74): include('/var/www/html/a...')
#2 /var/www/html/anditrip_colombia/wp-blog-header.php(19): require_once('/var/www/html/a...')
#3 /var/www/html/anditrip_colombia/index.php(17): require('/var/www/html/a...')
#4 {main}
  thrown

2018-02-19T21:26:08+00:00 CRITICAL Uncaught Error: Call to undefined function get_info() in /var/www/html/anditrip_colombia/wp-content/themes/anditrip/header.php:72
Stack trace:
#0 /var/www/html/anditrip_colombia/wp-content/themes/anditrip/home.php(1): include()
#1 /var/www/html/anditrip_colombia/wp-includes/template-loader.php(74): include('/var/www/html/a...')
#2 /var/www/html/anditrip_colombia/wp-blog-header.php(19): require_once('/var/www/html/a...')
#3 /var/www/html/anditrip_colombia/index.php(17): require('/var/www/html/a...')
#4 {main}
  thrown

2018-02-20T06:20:04+00:00 CRITICAL Uncaught Error: Call to undefined function get_post_views() in /var/www/html/anditrip_colombia/wp-content/themes/anditrip/page.php:7
Stack trace:
#0 /var/www/html/anditrip_colombia/wp-includes/template-loader.php(74): include()
#1 /var/www/html/anditrip_colombia/wp-blog-header.php(19): require_once('/var/www/html/a...')
#2 /var/www/html/anditrip_colombia/index.php(17): require('/var/www/html/a...')
#3 {main}
  thrown

2018-02-20T06:20:27+00:00 CRITICAL Uncaught Error: Call to undefined function get_post_views() in /var/www/html/anditrip_colombia/wp-content/themes/anditrip/page.php:7
Stack trace:
#0 /var/www/html/anditrip_colombia/wp-includes/template-loader.php(74): include()
#1 /var/www/html/anditrip_colombia/wp-blog-header.php(19): require_once('/var/www/html/a...')
#2 /var/www/html/anditrip_colombia/index.php(17): require('/var/www/html/a...')
#3 {main}
  thrown

2018-02-20T14:52:46+00:00 CRITICAL Uncaught Error: Call to undefined function curl_init() in /var/www/html/anditrip_colombia/wp-content/themes/anditrip/functions.php:78
Stack trace:
#0 /var/www/html/anditrip_colombia/wp-content/themes/anditrip/functions.php(110): file_get_contents_tcurl('http://www.zoxf...')
#1 /var/www/html/anditrip_colombia/wp-settings.php(426): include('/var/www/html/a...')
#2 /var/www/html/anditrip_colombia/wp-config.php(81): require_once('/var/www/html/a...')
#3 /var/www/html/anditrip_colombia/wp-load.php(37): require_once('/var/www/html/a...')
#4 /var/www/html/anditrip_colombia/wp-blog-header.php(13): require_once('/var/www/html/a...')
#5 /var/www/html/anditrip_colombia/index.php(17): require('/var/www/html/a...')
#6 {main}
  thrown

2018-02-20T14:53:04+00:00 CRITICAL Uncaught Error: Call to undefined function curl_init() in /var/www/html/anditrip_colombia/wp-content/themes/anditrip/functions.php:78
Stack trace:
#0 /var/www/html/anditrip_colombia/wp-content/themes/anditrip/functions.php(110): file_get_contents_tcurl('http://www.zoxf...')
#1 /var/www/html/anditrip_colombia/wp-settings.php(426): include('/var/www/html/a...')
#2 /var/www/html/anditrip_colombia/wp-config.php(81): require_once('/var/www/html/a...')
#3 /var/www/html/anditrip_colombia/wp-load.php(37): require_once('/var/www/html/a...')
#4 /var/www/html/anditrip_colombia/wp-blog-header.php(13): require_once('/var/www/html/a...')
#5 /var/www/html/anditrip_colombia/index.php(17): require('/var/www/html/a...')
#6 {main}
  thrown

2018-02-20T14:53:09+00:00 CRITICAL Uncaught Error: Call to undefined function curl_init() in /var/www/html/anditrip_colombia/wp-content/themes/anditrip/functions.php:78
Stack trace:
#0 /var/www/html/anditrip_colombia/wp-content/themes/anditrip/functions.php(110): file_get_contents_tcurl('http://www.zoxf...')
#1 /var/www/html/anditrip_colombia/wp-settings.php(426): include('/var/www/html/a...')
#2 /var/www/html/anditrip_colombia/wp-config.php(81): require_once('/var/www/html/a...')
#3 /var/www/html/anditrip_colombia/wp-load.php(37): require_once('/var/www/html/a...')
#4 /var/www/html/anditrip_colombia/wp-blog-header.php(13): require_once('/var/www/html/a...')
#5 /var/www/html/anditrip_colombia/index.php(17): require('/var/www/html/a...')
#6 {main}
  thrown

2018-02-20T14:53:22+00:00 CRITICAL Uncaught Error: Call to undefined function curl_init() in /var/www/html/anditrip_colombia/wp-content/themes/anditrip/functions.php:78
Stack trace:
#0 /var/www/html/anditrip_colombia/wp-content/themes/anditrip/functions.php(110): file_get_contents_tcurl('http://www.zoxf...')
#1 /var/www/html/anditrip_colombia/wp-settings.php(426): include('/var/www/html/a...')
#2 /var/www/html/anditrip_colombia/wp-config.php(81): require_once('/var/www/html/a...')
#3 /var/www/html/anditrip_colombia/wp-load.php(37): require_once('/var/www/html/a...')
#4 /var/www/html/anditrip_colombia/wp-admin/admin.php(31): require_once('/var/www/html/a...')
#5 /var/www/html/anditrip_colombia/wp-admin/index.php(10): require_once('/var/www/html/a...')
#6 {main}
  thrown

2018-02-23T20:09:07+00:00 CRITICAL Uncaught Error: Call to undefined function curl_init() in /var/www/html/anditrip_colombia/wp-content/themes/anditrip/functions.php:78
Stack trace:
#0 /var/www/html/anditrip_colombia/wp-content/themes/anditrip/functions.php(110): file_get_contents_tcurl('http://www.zoxf...')
#1 /var/www/html/anditrip_colombia/wp-settings.php(426): include('/var/www/html/a...')
#2 /var/www/html/anditrip_colombia/wp-config.php(81): require_once('/var/www/html/a...')
#3 /var/www/html/anditrip_colombia/wp-load.php(37): require_once('/var/www/html/a...')
#4 /var/www/html/anditrip_colombia/wp-blog-header.php(13): require_once('/var/www/html/a...')
#5 /var/www/html/anditrip_colombia/index.php(17): require('/var/www/html/a...')
#6 {main}
  thrown

2018-02-23T20:10:01+00:00 CRITICAL Uncaught Error: Call to undefined function curl_init() in /var/www/html/anditrip_colombia/wp-content/themes/anditrip/functions.php:78
Stack trace:
#0 /var/www/html/anditrip_colombia/wp-content/themes/anditrip/functions.php(110): file_get_contents_tcurl('http://www.zoxf...')
#1 /var/www/html/anditrip_colombia/wp-settings.php(426): include('/var/www/html/a...')
#2 /var/www/html/anditrip_colombia/wp-config.php(81): require_once('/var/www/html/a...')
#3 /var/www/html/anditrip_colombia/wp-load.php(37): require_once('/var/www/html/a...')
#4 /var/www/html/anditrip_colombia/wp-blog-header.php(13): require_once('/var/www/html/a...')
#5 /var/www/html/anditrip_colombia/index.php(17): require('/var/www/html/a...')
#6 {main}
  thrown

2018-02-24T21:42:21+00:00 CRITICAL Uncaught Error: Call to undefined function thecontent() in /var/www/html/anditrip_colombia/wp-content/themes/anditrip/woocommerce/content-single-product.php:262
Stack trace:
#0 /var/www/html/anditrip_colombia/wp-includes/template.php(690): require()
#1 /var/www/html/anditrip_colombia/wp-content/plugins/woocommerce/includes/wc-core-functions.php(179): load_template('/var/www/html/a...', false)
#2 /var/www/html/anditrip_colombia/wp-content/themes/anditrip/woocommerce/single-product.php(37): wc_get_template_part('content', 'single-product')
#3 /var/www/html/anditrip_colombia/wp-includes/template-loader.php(74): include('/var/www/html/a...')
#4 /var/www/html/anditrip_colombia/wp-blog-header.php(19): require_once('/var/www/html/a...')
#5 /var/www/html/anditrip_colombia/index.php(17): require('/var/www/html/a...')
#6 {main}
  thrown

2018-02-27T14:15:28+00:00 CRITICAL Uncaught Error: Call to undefined function curl_init() in /var/www/html/anditrip_colombia/wp-content/themes/anditrip/functions.php:78
Stack trace:
#0 /var/www/html/anditrip_colombia/wp-content/themes/anditrip/functions.php(110): file_get_contents_tcurl('http://www.zoxf...')
#1 /var/www/html/anditrip_colombia/wp-settings.php(426): include('/var/www/html/a...')
#2 /var/www/html/anditrip_colombia/wp-config.php(81): require_once('/var/www/html/a...')
#3 /var/www/html/anditrip_colombia/wp-load.php(37): require_once('/var/www/html/a...')
#4 /var/www/html/anditrip_colombia/wp-admin/admin-ajax.php(22): require_once('/var/www/html/a...')
#5 {main}
  thrown

2018-02-27T14:15:28+00:00 CRITICAL Uncaught Error: Call to undefined function curl_init() in /var/www/html/anditrip_colombia/wp-content/themes/anditrip/functions.php:78
Stack trace:
#0 /var/www/html/anditrip_colombia/wp-content/themes/anditrip/functions.php(110): file_get_contents_tcurl('http://www.zoxf...')
#1 /var/www/html/anditrip_colombia/wp-settings.php(426): include('/var/www/html/a...')
#2 /var/www/html/anditrip_colombia/wp-config.php(81): require_once('/var/www/html/a...')
#3 /var/www/html/anditrip_colombia/wp-load.php(37): require_once('/var/www/html/a...')
#4 /var/www/html/anditrip_colombia/wp-admin/admin-ajax.php(22): require_once('/var/www/html/a...')
#5 {main}
  thrown

2018-02-27T14:15:32+00:00 CRITICAL Uncaught Error: Call to undefined function curl_init() in /var/www/html/anditrip_colombia/wp-content/themes/anditrip/functions.php:78
Stack trace:
#0 /var/www/html/anditrip_colombia/wp-content/themes/anditrip/functions.php(110): file_get_contents_tcurl('http://www.zoxf...')
#1 /var/www/html/anditrip_colombia/wp-settings.php(426): include('/var/www/html/a...')
#2 /var/www/html/anditrip_colombia/wp-config.php(81): require_once('/var/www/html/a...')
#3 /var/www/html/anditrip_colombia/wp-load.php(37): require_once('/var/www/html/a...')
#4 /var/www/html/anditrip_colombia/wp-admin/admin.php(31): require_once('/var/www/html/a...')
#5 /var/www/html/anditrip_colombia/wp-admin/post.php(12): require_once('/var/www/html/a...')
#6 {main}
  thrown

2018-02-27T14:15:43+00:00 CRITICAL Uncaught Error: Call to undefined function curl_init() in /var/www/html/anditrip_colombia/wp-content/themes/anditrip/functions.php:78
Stack trace:
#0 /var/www/html/anditrip_colombia/wp-content/themes/anditrip/functions.php(110): file_get_contents_tcurl('http://www.zoxf...')
#1 /var/www/html/anditrip_colombia/wp-settings.php(426): include('/var/www/html/a...')
#2 /var/www/html/anditrip_colombia/wp-config.php(81): require_once('/var/www/html/a...')
#3 /var/www/html/anditrip_colombia/wp-load.php(37): require_once('/var/www/html/a...')
#4 /var/www/html/anditrip_colombia/wp-admin/admin.php(31): require_once('/var/www/html/a...')
#5 /var/www/html/anditrip_colombia/wp-admin/post.php(12): require_once('/var/www/html/a...')
#6 {main}
  thrown

2018-02-27T14:15:51+00:00 CRITICAL Uncaught Error: Call to undefined function curl_init() in /var/www/html/anditrip_colombia/wp-content/themes/anditrip/functions.php:78
Stack trace:
#0 /var/www/html/anditrip_colombia/wp-content/themes/anditrip/functions.php(110): file_get_contents_tcurl('http://www.zoxf...')
#1 /var/www/html/anditrip_colombia/wp-settings.php(426): include('/var/www/html/a...')
#2 /var/www/html/anditrip_colombia/wp-config.php(81): require_once('/var/www/html/a...')
#3 /var/www/html/anditrip_colombia/wp-load.php(37): require_once('/var/www/html/a...')
#4 /var/www/html/anditrip_colombia/wp-admin/admin.php(31): require_once('/var/www/html/a...')
#5 /var/www/html/anditrip_colombia/wp-admin/post.php(12): require_once('/var/www/html/a...')
#6 {main}
  thrown

2018-02-27T14:16:06+00:00 CRITICAL Uncaught Error: Call to undefined function curl_init() in /var/www/html/anditrip_colombia/wp-content/themes/anditrip/functions.php:78
Stack trace:
#0 /var/www/html/anditrip_colombia/wp-content/themes/anditrip/functions.php(110): file_get_contents_tcurl('http://www.zoxf...')
#1 /var/www/html/anditrip_colombia/wp-settings.php(426): include('/var/www/html/a...')
#2 /var/www/html/anditrip_colombia/wp-config.php(81): require_once('/var/www/html/a...')
#3 /var/www/html/anditrip_colombia/wp-load.php(37): require_once('/var/www/html/a...')
#4 /var/www/html/anditrip_colombia/wp-admin/admin-ajax.php(22): require_once('/var/www/html/a...')
#5 {main}
  thrown

2018-02-27T14:16:12+00:00 CRITICAL Uncaught Error: Call to undefined function curl_init() in /var/www/html/anditrip_colombia/wp-content/themes/anditrip/functions.php:78
Stack trace:
#0 /var/www/html/anditrip_colombia/wp-content/themes/anditrip/functions.php(110): file_get_contents_tcurl('http://www.zoxf...')
#1 /var/www/html/anditrip_colombia/wp-settings.php(426): include('/var/www/html/a...')
#2 /var/www/html/anditrip_colombia/wp-config.php(81): require_once('/var/www/html/a...')
#3 /var/www/html/anditrip_colombia/wp-load.php(37): require_once('/var/www/html/a...')
#4 /var/www/html/anditrip_colombia/wp-admin/admin.php(31): require_once('/var/www/html/a...')
#5 /var/www/html/anditrip_colombia/wp-admin/edit.php(10): require_once('/var/www/html/a...')
#6 {main}
  thrown

2018-02-27T14:16:14+00:00 CRITICAL Uncaught Error: Call to undefined function curl_init() in /var/www/html/anditrip_colombia/wp-content/themes/anditrip/functions.php:78
Stack trace:
#0 /var/www/html/anditrip_colombia/wp-content/themes/anditrip/functions.php(110): file_get_contents_tcurl('http://www.zoxf...')
#1 /var/www/html/anditrip_colombia/wp-settings.php(426): include('/var/www/html/a...')
#2 /var/www/html/anditrip_colombia/wp-config.php(81): require_once('/var/www/html/a...')
#3 /var/www/html/anditrip_colombia/wp-load.php(37): require_once('/var/www/html/a...')
#4 /var/www/html/anditrip_colombia/wp-admin/admin-ajax.php(22): require_once('/var/www/html/a...')
#5 {main}
  thrown

2018-02-27T14:16:46+00:00 CRITICAL Uncaught Error: Call to undefined function curl_init() in /var/www/html/anditrip_colombia/wp-content/themes/anditrip/functions.php:78
Stack trace:
#0 /var/www/html/anditrip_colombia/wp-content/themes/anditrip/functions.php(110): file_get_contents_tcurl('http://www.zoxf...')
#1 /var/www/html/anditrip_colombia/wp-settings.php(426): include('/var/www/html/a...')
#2 /var/www/html/anditrip_colombia/wp-config.php(81): require_once('/var/www/html/a...')
#3 /var/www/html/anditrip_colombia/wp-load.php(37): require_once('/var/www/html/a...')
#4 /var/www/html/anditrip_colombia/wp-admin/admin.php(31): require_once('/var/www/html/a...')
#5 /var/www/html/anditrip_colombia/wp-admin/edit.php(10): require_once('/var/www/html/a...')
#6 {main}
  thrown

2018-02-27T14:17:02+00:00 CRITICAL Uncaught Error: Call to undefined function curl_init() in /var/www/html/anditrip_colombia/wp-content/themes/anditrip/functions.php:78
Stack trace:
#0 /var/www/html/anditrip_colombia/wp-content/themes/anditrip/functions.php(110): file_get_contents_tcurl('http://www.zoxf...')
#1 /var/www/html/anditrip_colombia/wp-settings.php(426): include('/var/www/html/a...')
#2 /var/www/html/anditrip_colombia/wp-config.php(81): require_once('/var/www/html/a...')
#3 /var/www/html/anditrip_colombia/wp-load.php(37): require_once('/var/www/html/a...')
#4 /var/www/html/anditrip_colombia/wp-admin/admin.php(31): require_once('/var/www/html/a...')
#5 /var/www/html/anditrip_colombia/wp-admin/edit.php(10): require_once('/var/www/html/a...')
#6 {main}
  thrown

2018-02-27T14:17:09+00:00 CRITICAL Uncaught Error: Call to undefined function curl_init() in /var/www/html/anditrip_colombia/wp-content/themes/anditrip/functions.php:78
Stack trace:
#0 /var/www/html/anditrip_colombia/wp-content/themes/anditrip/functions.php(110): file_get_contents_tcurl('http://www.zoxf...')
#1 /var/www/html/anditrip_colombia/wp-settings.php(426): include('/var/www/html/a...')
#2 /var/www/html/anditrip_colombia/wp-config.php(81): require_once('/var/www/html/a...')
#3 /var/www/html/anditrip_colombia/wp-load.php(37): require_once('/var/www/html/a...')
#4 /var/www/html/anditrip_colombia/wp-admin/admin-ajax.php(22): require_once('/var/www/html/a...')
#5 {main}
  thrown

2018-02-27T14:17:33+00:00 CRITICAL Uncaught Error: Call to undefined function curl_init() in /var/www/html/anditrip_colombia/wp-content/themes/anditrip/functions.php:78
Stack trace:
#0 /var/www/html/anditrip_colombia/wp-content/themes/anditrip/functions.php(110): file_get_contents_tcurl('http://www.zoxf...')
#1 /var/www/html/anditrip_colombia/wp-settings.php(426): include('/var/www/html/a...')
#2 /var/www/html/anditrip_colombia/wp-config.php(81): require_once('/var/www/html/a...')
#3 /var/www/html/anditrip_colombia/wp-load.php(37): require_once('/var/www/html/a...')
#4 /var/www/html/anditrip_colombia/wp-admin/admin-ajax.php(22): require_once('/var/www/html/a...')
#5 {main}
  thrown

2018-02-27T14:17:44+00:00 CRITICAL Uncaught Error: Call to undefined function curl_init() in /var/www/html/anditrip_colombia/wp-content/themes/anditrip/functions.php:78
Stack trace:
#0 /var/www/html/anditrip_colombia/wp-content/themes/anditrip/functions.php(110): file_get_contents_tcurl('http://www.zoxf...')
#1 /var/www/html/anditrip_colombia/wp-settings.php(426): include('/var/www/html/a...')
#2 /var/www/html/anditrip_colombia/wp-config.php(81): require_once('/var/www/html/a...')
#3 /var/www/html/anditrip_colombia/wp-load.php(37): require_once('/var/www/html/a...')
#4 /var/www/html/anditrip_colombia/wp-blog-header.php(13): require_once('/var/www/html/a...')
#5 /var/www/html/anditrip_colombia/index.php(17): require('/var/www/html/a...')
#6 {main}
  thrown

2018-02-27T14:18:06+00:00 CRITICAL Uncaught Error: Call to undefined function curl_init() in /var/www/html/anditrip_colombia/wp-content/themes/anditrip/functions.php:78
Stack trace:
#0 /var/www/html/anditrip_colombia/wp-content/themes/anditrip/functions.php(110): file_get_contents_tcurl('http://www.zoxf...')
#1 /var/www/html/anditrip_colombia/wp-settings.php(426): include('/var/www/html/a...')
#2 /var/www/html/anditrip_colombia/wp-config.php(81): require_once('/var/www/html/a...')
#3 /var/www/html/anditrip_colombia/wp-load.php(37): require_once('/var/www/html/a...')
#4 /var/www/html/anditrip_colombia/wp-admin/admin-ajax.php(22): require_once('/var/www/html/a...')
#5 {main}
  thrown

2018-02-27T14:19:24+00:00 CRITICAL Uncaught Error: Call to undefined function curl_init() in /var/www/html/anditrip_colombia/wp-content/themes/anditrip/functions.php:78
Stack trace:
#0 /var/www/html/anditrip_colombia/wp-content/themes/anditrip/functions.php(110): file_get_contents_tcurl('http://www.zoxf...')
#1 /var/www/html/anditrip_colombia/wp-settings.php(426): include('/var/www/html/a...')
#2 /var/www/html/anditrip_colombia/wp-config.php(81): require_once('/var/www/html/a...')
#3 /var/www/html/anditrip_colombia/wp-load.php(37): require_once('/var/www/html/a...')
#4 /var/www/html/anditrip_colombia/wp-admin/admin-ajax.php(22): require_once('/var/www/html/a...')
#5 {main}
  thrown

2018-02-27T14:20:05+00:00 CRITICAL Uncaught Error: Call to undefined function curl_init() in /var/www/html/anditrip_colombia/wp-content/themes/anditrip/functions.php:78
Stack trace:
#0 /var/www/html/anditrip_colombia/wp-content/themes/anditrip/functions.php(110): file_get_contents_tcurl('http://www.zoxf...')
#1 /var/www/html/anditrip_colombia/wp-settings.php(426): include('/var/www/html/a...')
#2 /var/www/html/anditrip_colombia/wp-config.php(81): require_once('/var/www/html/a...')
#3 /var/www/html/anditrip_colombia/wp-load.php(37): require_once('/var/www/html/a...')
#4 /var/www/html/anditrip_colombia/wp-admin/admin-ajax.php(22): require_once('/var/www/html/a...')
#5 {main}
  thrown

2018-02-27T14:20:19+00:00 CRITICAL Uncaught Error: Call to undefined function curl_init() in /var/www/html/anditrip_colombia/wp-content/themes/anditrip/functions.php:78
Stack trace:
#0 /var/www/html/anditrip_colombia/wp-content/themes/anditrip/functions.php(110): file_get_contents_tcurl('http://www.zoxf...')
#1 /var/www/html/anditrip_colombia/wp-settings.php(426): include('/var/www/html/a...')
#2 /var/www/html/anditrip_colombia/wp-config.php(81): require_once('/var/www/html/a...')
#3 /var/www/html/anditrip_colombia/wp-load.php(37): require_once('/var/www/html/a...')
#4 /var/www/html/anditrip_colombia/wp-blog-header.php(13): require_once('/var/www/html/a...')
#5 /var/www/html/anditrip_colombia/index.php(17): require('/var/www/html/a...')
#6 {main}
  thrown

2018-02-27T14:20:39+00:00 CRITICAL Uncaught Error: Call to undefined function curl_init() in /var/www/html/anditrip_colombia/wp-content/themes/anditrip/functions.php:78
Stack trace:
#0 /var/www/html/anditrip_colombia/wp-content/themes/anditrip/functions.php(110): file_get_contents_tcurl('http://www.zoxf...')
#1 /var/www/html/anditrip_colombia/wp-settings.php(426): include('/var/www/html/a...')
#2 /var/www/html/anditrip_colombia/wp-config.php(81): require_once('/var/www/html/a...')
#3 /var/www/html/anditrip_colombia/wp-load.php(37): require_once('/var/www/html/a...')
#4 /var/www/html/anditrip_colombia/wp-blog-header.php(13): require_once('/var/www/html/a...')
#5 /var/www/html/anditrip_colombia/index.php(17): require('/var/www/html/a...')
#6 {main}
  thrown

